c:\users\srmeier\documents\visual studio 2015\projects\avocado\avocado\debug\vc140.pdb
c:\users\srmeier\documents\visual studio 2015\projects\avocado\avocado\debug\vc140.idb
c:\users\srmeier\documents\visual studio 2015\projects\avocado\avocado\debug\adbase.obj
c:\users\srmeier\documents\visual studio 2015\projects\avocado\avocado\debug\adentity.obj
c:\users\srmeier\documents\visual studio 2015\projects\avocado\avocado\debug\adlevel.obj
c:\users\srmeier\documents\visual studio 2015\projects\avocado\avocado\debug\admoveable.obj
c:\users\srmeier\documents\visual studio 2015\projects\avocado\avocado\debug\adplayer.obj
c:\users\srmeier\documents\visual studio 2015\projects\avocado\avocado\debug\adscreen.obj
c:\users\srmeier\documents\visual studio 2015\projects\avocado\avocado\debug\adspritemanager.obj
c:\users\srmeier\documents\visual studio 2015\projects\avocado\avocado\debug\adtiledmanager.obj
c:\users\srmeier\documents\visual studio 2015\projects\avocado\avocado\debug\duktape.obj
c:\users\srmeier\documents\visual studio 2015\projects\avocado\avocado\debug\main.obj
c:\users\srmeier\documents\visual studio 2015\projects\avocado\debug\avocado.ilk
c:\users\srmeier\documents\visual studio 2015\projects\avocado\debug\avocado.exe
c:\users\srmeier\documents\visual studio 2015\projects\avocado\debug\avocado.pdb
c:\users\srmeier\documents\visual studio 2015\projects\avocado\avocado\debug\avocado.tlog\cl.command.1.tlog
c:\users\srmeier\documents\visual studio 2015\projects\avocado\avocado\debug\avocado.tlog\cl.read.1.tlog
c:\users\srmeier\documents\visual studio 2015\projects\avocado\avocado\debug\avocado.tlog\cl.write.1.tlog
c:\users\srmeier\documents\visual studio 2015\projects\avocado\avocado\debug\avocado.tlog\link.command.1.tlog
c:\users\srmeier\documents\visual studio 2015\projects\avocado\avocado\debug\avocado.tlog\link.read.1.tlog
c:\users\srmeier\documents\visual studio 2015\projects\avocado\avocado\debug\avocado.tlog\link.write.1.tlog
