Build started 12/10/2015 5:47:12 PM.
     1>Project "C:\Users\srmeier\Documents\Visual Studio 2015\Projects\Avocado\Avocado\Avocado.vcxproj" on node 2 (Build target(s)).
     1>ClCompile:
         C:\Program Files (x86)\Microsoft Visual Studio 14.0\VC\bin\CL.exe /c /I"C:\Users\srmeier\Documents\Visual Studio 2015\Projects\Avocado\include\\" /ZI /nologo /W3 /WX- /Od /Oy- /D _CRT_SECURE_NO_WARNINGS /D WIN32 /D _DEBUG /D _CONSOLE /D _UNICODE /D UNICODE /Gm /EHsc /RTC1 /MDd /GS /fp:precise /Zc:wchar_t /Zc:forScope /Zc:inline /Fo"Debug\\" /Fd"Debug\vc140.pdb" /Gd /TP /analyze- /errorReport:prompt Main.cpp
         Main.cpp
       Link:
         C:\Program Files (x86)\Microsoft Visual Studio 14.0\VC\bin\link.exe /ERRORREPORT:PROMPT /OUT:"C:\Users\srmeier\Documents\Visual Studio 2015\Projects\Avocado\Debug\Avocado.exe" /INCREMENTAL /NOLOGO /LIBPATH:"C:\Users\srmeier\Documents\Visual Studio 2015\Projects\Avocado\lib\\" SDL2.lib SDL2main.lib SDL2_ttf.lib SDL2_net.lib SDL2_mixer.lib SDL2_image.lib kernel32.lib user32.lib gdi32.lib winspool.lib comdlg32.lib advapi32.lib shell32.lib ole32.lib oleaut32.lib uuid.lib odbc32.lib odbccp32.lib /MANIFEST /MANIFESTUAC:"level='asInvoker' uiAccess='false'" /manifest:embed /Debug /PDB:"C:\Users\srmeier\Documents\Visual Studio 2015\Projects\Avocado\Debug\Avocado.pdb" /SUBSYSTEM:CONSOLE /TLBID:1 /DYNAMICBASE /NXCOMPAT /IMPLIB:"C:\Users\srmeier\Documents\Visual Studio 2015\Projects\Avocado\Debug\Avocado.lib" /MACHINE:X86 /NODEFAULTLIB:msvcrt.lib Debug\AdBase.obj
         Debug\AdEntity.obj
         Debug\AdLevel.obj
         Debug\AdPlayer.obj
         Debug\AdScreen.obj
         Debug\AdSpriteManager.obj
         Debug\AdTiledManager.obj
         Debug\Duktape.obj
         Debug\Main.obj
         Debug\NpcJavals.obj
         Debug\NpcTree0.obj
         Avocado.vcxproj -> C:\Users\srmeier\Documents\Visual Studio 2015\Projects\Avocado\Debug\Avocado.exe
     1>Done Building Project "C:\Users\srmeier\Documents\Visual Studio 2015\Projects\Avocado\Avocado\Avocado.vcxproj" (Build target(s)).

Build succeeded.

Time Elapsed 00:00:00.73
